15:22:56 WARNING [discord.client] PyNaCl is not installed, voice will NOT be supported
[2026-03-06 15:22:56] [INFO    ] discord.client: logging in using static token
15:22:56 INFO [discord.client] logging in using static token
15:22:57 INFO [bot] Views registered and Heartbeat started. Use !sync in a channel to update slash commands.
[2026-03-06 15:22:57] [INFO    ] discord.gateway: Shard ID None has connected to Gateway (Session ID: 8cf5dcd6204973b7dd0d6600e8775ac5).
15:22:57 INFO [discord.gateway] Shard ID None has connected to Gateway (Session ID: 8cf5dcd6204973b7dd0d6600e8775ac5).
15:22:59 INFO [bot] Logged in as ~Mwecha~\u2726~Epstwein~#4855
[2026-03-06 15:58:44] [INFO    ] discord.gateway: Shard ID None has successfully RESUMED session 8cf5dcd6204973b7dd0d6600e8775ac5.
15:58:44 INFO [discord.gateway] Shard ID None has successfully RESUMED session 8cf5dcd6204973b7dd0d6600e8775ac5.
[2026-03-06 19:26:24] [INFO    ] discord.gateway: Shard ID None has successfully RESUMED session 8cf5dcd6204973b7dd0d6600e8775ac5.
19:26:24 INFO [discord.gateway] Shard ID None has successfully RESUMED session 8cf5dcd6204973b7dd0d6600e8775ac5.
[2026-03-06 20:03:13] [INFO    ] discord.gateway: Shard ID None has successfully RESUMED session 8cf5dcd6204973b7dd0d6600e8775ac5.
20:03:13 INFO [discord.gateway] Shard ID None has successfully RESUMED session 8cf5dcd6204973b7dd0d6600e8775ac5.
[2026-03-06 20:30:09] [INFO    ] discord.gateway: Shard ID None has successfully RESUMED session 8cf5dcd6204973b7dd0d6600e8775ac5.
20:30:09 INFO [discord.gateway] Shard ID None has successfully RESUMED session 8cf5dcd6204973b7dd0d6600e8775ac5.
04:38:00 WARNING [discord.client] PyNaCl is not installed, voice will NOT be supported
[2026-03-07 04:38:00] [INFO    ] discord.client: logging in using static token
04:38:00 INFO [discord.client] logging in using static token
04:38:01 INFO [bot] Views registered and Heartbeat started. Use !sync in a channel to update slash commands.
[2026-03-07 04:38:02] [INFO    ] discord.gateway: Shard ID None has connected to Gateway (Session ID: 61c9e401736a7715518a75f2deb63f7a).
04:38:02 INFO [discord.gateway] Shard ID None has connected to Gateway (Session ID: 61c9e401736a7715518a75f2deb63f7a).
04:38:04 INFO [bot] Logged in as ~Mwecha~\u2726~Epstwein~#4855
04:38:05 INFO [httpx] HTTP Request: GET http://localhost:1234/v1/models "HTTP/1.1 200 OK"
04:38:12 INFO [httpx] HTTP Request: GET http://localhost:1234/v1/models "HTTP/1.1 200 OK"
04:38:56 INFO [httpx] HTTP Request: POST http://localhost:1234/v1/chat/completions "HTTP/1.1 200 OK"
04:40:12 INFO [httpx] HTTP Request: POST http://localhost:1234/v1/chat/completions "HTTP/1.1 200 OK"
04:40:34 INFO [httpx] HTTP Request: GET http://localhost:1234/v1/models "HTTP/1.1 200 OK"
04:51:01 INFO [httpx] HTTP Request: POST http://localhost:1234/v1/chat/completions "HTTP/1.1 200 OK"
05:08:01 INFO [bot] Heartbeat: k_punk is posting in #sim-city
05:08:01 ERROR [bot] Failed to get/create webhook: 403 Forbidden (error code: 50013): Missing Permissions
05:08:06 INFO [httpx] HTTP Request: POST http://localhost:1234/v1/chat/completions "HTTP/1.1 200 OK"
[2026-03-07 05:39:41] [INFO    ] discord.gateway: Shard ID None has successfully RESUMED session 61c9e401736a7715518a75f2deb63f7a.
05:39:41 INFO [discord.gateway] Shard ID None has successfully RESUMED session 61c9e401736a7715518a75f2deb63f7a.
[2026-03-07 05:55:33] [INFO    ] discord.gateway: Shard ID None has successfully RESUMED session 61c9e401736a7715518a75f2deb63f7a.
05:55:33 INFO [discord.gateway] Shard ID None has successfully RESUMED session 61c9e401736a7715518a75f2deb63f7a.
